[2017-10-25 17:59:04] [debug] Connection to database robot established. [Data._handleDBConnection /jeneric-core/service/data/index.js:75 <- connectCallback /jeneric-core/node_modules/mongodb/lib/mongo_client.js:515]
[2017-10-25 17:59:04] [info] application started [Main._start /robot/app/index.js:39 <- Main.loop /robot/app/index.js:30]
[2017-10-25 17:59:04] [debug] Collection "log" created. [Data._handleCreateCollection /jeneric-core/service/data/index.js:66 <- handleCallback /jeneric-core/node_modules/mongodb/lib/utils.js:120 <- handleCallback /jeneric-core/node_modules/mongodb/lib/utils.js:120 <- handleCallback /jeneric-core/node_modules/mongodb-core/lib/cursor.js:171 <- setCursorDeadAndNotified /jeneric-core/node_modules/mongodb-core/lib/cursor.js:505 <- nextFunction /jeneric-core/node_modules/mongodb-core/lib/cursor.js:658]
[2017-10-25 18:00:39] [debug] GET: / [Server._handleRequest /jeneric-core/service/server.js:86 <- Server.<anonymous> /jeneric-core/node_modules/engine.io/lib/server.js:475 <- Server.<anonymous> /jeneric-core/node_modules/socket.io/lib/index.js:307]
[2017-10-25 18:00:39] [debug] Not found: /Users/eckert/Projects/robot/app/public//index.html [Server._handleRequest /jeneric-core/service/server.js:101 <- Server.<anonymous> /jeneric-core/node_modules/engine.io/lib/server.js:475 <- Server.<anonymous> /jeneric-core/node_modules/socket.io/lib/index.js:307]
[2017-10-25 18:00:39] [debug] socket disconnect [Server._handleSocketDisconnect /jeneric-core/service/server.js:81 <- Socket.emit /jeneric-core/node_modules/socket.io/lib/socket.js:140 <- Socket.onclose /jeneric-core/node_modules/socket.io/lib/socket.js:452 <- Client.onclose /jeneric-core/node_modules/socket.io/lib/client.js:233]
[2017-10-25 18:00:40] [debug] GET: / [Server._handleRequest /jeneric-core/service/server.js:86 <- Server.<anonymous> /jeneric-core/node_modules/engine.io/lib/server.js:475 <- Server.<anonymous> /jeneric-core/node_modules/socket.io/lib/index.js:307]
[2017-10-25 18:00:40] [debug] Not found: /Users/eckert/Projects/robot/app/public//index.html [Server._handleRequest /jeneric-core/service/server.js:101 <- Server.<anonymous> /jeneric-core/node_modules/engine.io/lib/server.js:475 <- Server.<anonymous> /jeneric-core/node_modules/socket.io/lib/index.js:307]
[2017-10-25 18:00:45] [debug] Connection to database robot established. [Data._handleDBConnection /jeneric-core/service/data/index.js:75 <- connectCallback /jeneric-core/node_modules/mongodb/lib/mongo_client.js:515]
[2017-10-25 18:00:45] [info] application started [Main._start /robot/app/index.js:39 <- Main.loop /robot/app/index.js:30]
[2017-10-25 18:00:45] [debug] Collection "log" created. [Data._handleCreateCollection /jeneric-core/service/data/index.js:66 <- handleCallback /jeneric-core/node_modules/mongodb/lib/utils.js:120 <- handleCallback /jeneric-core/node_modules/mongodb/lib/utils.js:120 <- handleCallback /jeneric-core/node_modules/mongodb-core/lib/cursor.js:171 <- setCursorDeadAndNotified /jeneric-core/node_modules/mongodb-core/lib/cursor.js:505 <- nextFunction /jeneric-core/node_modules/mongodb-core/lib/cursor.js:658]
[2017-10-25 18:00:47] [debug] GET: / [Server._handleRequest /jeneric-core/service/server.js:86 <- Server.<anonymous> /jeneric-core/node_modules/engine.io/lib/server.js:475 <- Server.<anonymous> /jeneric-core/node_modules/socket.io/lib/index.js:307]
[2017-10-25 18:00:47] [debug] Not found: /Users/eckert/Projects/robot/app/public//index.html [Server._handleRequest /jeneric-core/service/server.js:101 <- Server.<anonymous> /jeneric-core/node_modules/engine.io/lib/server.js:475 <- Server.<anonymous> /jeneric-core/node_modules/socket.io/lib/index.js:307]
[2017-10-25 18:00:47] [debug] GET: / [Server._handleRequest /jeneric-core/service/server.js:86 <- Server.<anonymous> /jeneric-core/node_modules/engine.io/lib/server.js:475 <- Server.<anonymous> /jeneric-core/node_modules/socket.io/lib/index.js:307]
[2017-10-25 18:00:47] [debug] Not found: /Users/eckert/Projects/robot/app/public//index.html [Server._handleRequest /jeneric-core/service/server.js:101 <- Server.<anonymous> /jeneric-core/node_modules/engine.io/lib/server.js:475 <- Server.<anonymous> /jeneric-core/node_modules/socket.io/lib/index.js:307]
[2017-10-25 18:00:48] [debug] GET: / [Server._handleRequest /jeneric-core/service/server.js:86 <- Server.<anonymous> /jeneric-core/node_modules/engine.io/lib/server.js:475 <- Server.<anonymous> /jeneric-core/node_modules/socket.io/lib/index.js:307]
[2017-10-25 18:00:48] [debug] Not found: /Users/eckert/Projects/robot/app/public//index.html [Server._handleRequest /jeneric-core/service/server.js:101 <- Server.<anonymous> /jeneric-core/node_modules/engine.io/lib/server.js:475 <- Server.<anonymous> /jeneric-core/node_modules/socket.io/lib/index.js:307]
[2017-10-25 19:22:10] [critical] listen EACCES 0.0.0.0:80 [Server.constructor /jeneric-core/service/server.js:38 <- Kernel.init /jeneric-core/kernel.js:36 <- AbstractApplication.constructor /jeneric-core/abstract-application.js:6 <- Main.constructor /robot/app/index.js:8 <- Object.<anonymous> /robot/app/index.js:50]
[2017-10-25 19:23:30] [info] application started [Main._start /robot/app/index.js:39 <- Main.loop /robot/app/index.js:30]
[2017-10-25 19:23:30] [debug] Connection to database robot established. [Data._handleDBConnection /jeneric-core/service/data/index.js:75 <- connectCallback /jeneric-core/node_modules/mongodb/lib/mongo_client.js:515]
[2017-10-25 19:23:30] [debug] Collection "log" created. [Data._handleCreateCollection /jeneric-core/service/data/index.js:66 <- handleCallback /jeneric-core/node_modules/mongodb/lib/utils.js:120 <- handleCallback /jeneric-core/node_modules/mongodb/lib/utils.js:120 <- handleCallback /jeneric-core/node_modules/mongodb-core/lib/cursor.js:171 <- setCursorDeadAndNotified /jeneric-core/node_modules/mongodb-core/lib/cursor.js:505 <- nextFunction /jeneric-core/node_modules/mongodb-core/lib/cursor.js:658]
[2017-10-25 19:23:37] [debug] GET: / [Server._handleRequest /jeneric-core/service/server.js:87 <- Server.<anonymous> /jeneric-core/node_modules/engine.io/lib/server.js:475 <- Server.<anonymous> /jeneric-core/node_modules/socket.io/lib/index.js:307]
[2017-10-25 19:23:37] [debug] Not found: /Users/eckert/Projects/robot/app/public//index.html [Server._handleRequest /jeneric-core/service/server.js:102 <- Server.<anonymous> /jeneric-core/node_modules/engine.io/lib/server.js:475 <- Server.<anonymous> /jeneric-core/node_modules/socket.io/lib/index.js:307]
[2017-10-25 19:23:37] [debug] socket disconnect [Server._handleSocketDisconnect /jeneric-core/service/server.js:82 <- Socket.emit /jeneric-core/node_modules/socket.io/lib/socket.js:140 <- Socket.onclose /jeneric-core/node_modules/socket.io/lib/socket.js:452 <- Client.onclose /jeneric-core/node_modules/socket.io/lib/client.js:233]
[2017-10-25 19:23:38] [debug] GET: / [Server._handleRequest /jeneric-core/service/server.js:87 <- Server.<anonymous> /jeneric-core/node_modules/engine.io/lib/server.js:475 <- Server.<anonymous> /jeneric-core/node_modules/socket.io/lib/index.js:307]
[2017-10-25 19:23:38] [debug] Not found: /Users/eckert/Projects/robot/app/public//index.html [Server._handleRequest /jeneric-core/service/server.js:102 <- Server.<anonymous> /jeneric-core/node_modules/engine.io/lib/server.js:475 <- Server.<anonymous> /jeneric-core/node_modules/socket.io/lib/index.js:307]
[2017-10-25 19:23:39] [debug] GET: / [Server._handleRequest /jeneric-core/service/server.js:87 <- Server.<anonymous> /jeneric-core/node_modules/engine.io/lib/server.js:475 <- Server.<anonymous> /jeneric-core/node_modules/socket.io/lib/index.js:307]
[2017-10-25 19:23:39] [debug] Not found: /Users/eckert/Projects/robot/app/public//index.html [Server._handleRequest /jeneric-core/service/server.js:102 <- Server.<anonymous> /jeneric-core/node_modules/engine.io/lib/server.js:475 <- Server.<anonymous> /jeneric-core/node_modules/socket.io/lib/index.js:307]
[2017-10-25 19:23:40] [debug] GET: / [Server._handleRequest /jeneric-core/service/server.js:87 <- Server.<anonymous> /jeneric-core/node_modules/engine.io/lib/server.js:475 <- Server.<anonymous> /jeneric-core/node_modules/socket.io/lib/index.js:307]
[2017-10-25 19:23:40] [debug] Not found: /Users/eckert/Projects/robot/app/public//index.html [Server._handleRequest /jeneric-core/service/server.js:102 <- Server.<anonymous> /jeneric-core/node_modules/engine.io/lib/server.js:475 <- Server.<anonymous> /jeneric-core/node_modules/socket.io/lib/index.js:307]
[2017-10-25 19:23:40] [debug] GET: / [Server._handleRequest /jeneric-core/service/server.js:87 <- Server.<anonymous> /jeneric-core/node_modules/engine.io/lib/server.js:475 <- Server.<anonymous> /jeneric-core/node_modules/socket.io/lib/index.js:307]
[2017-10-25 19:23:40] [debug] Not found: /Users/eckert/Projects/robot/app/public//index.html [Server._handleRequest /jeneric-core/service/server.js:102 <- Server.<anonymous> /jeneric-core/node_modules/engine.io/lib/server.js:475 <- Server.<anonymous> /jeneric-core/node_modules/socket.io/lib/index.js:307]
[2017-10-25 19:23:41] [debug] GET: / [Server._handleRequest /jeneric-core/service/server.js:87 <- Server.<anonymous> /jeneric-core/node_modules/engine.io/lib/server.js:475 <- Server.<anonymous> /jeneric-core/node_modules/socket.io/lib/index.js:307]
[2017-10-25 19:23:41] [debug] Not found: /Users/eckert/Projects/robot/app/public//index.html [Server._handleRequest /jeneric-core/service/server.js:102 <- Server.<anonymous> /jeneric-core/node_modules/engine.io/lib/server.js:475 <- Server.<anonymous> /jeneric-core/node_modules/socket.io/lib/index.js:307]
[2017-10-25 19:23:41] [debug] GET: / [Server._handleRequest /jeneric-core/service/server.js:87 <- Server.<anonymous> /jeneric-core/node_modules/engine.io/lib/server.js:475 <- Server.<anonymous> /jeneric-core/node_modules/socket.io/lib/index.js:307]
[2017-10-25 19:23:41] [debug] Not found: /Users/eckert/Projects/robot/app/public//index.html [Server._handleRequest /jeneric-core/service/server.js:102 <- Server.<anonymous> /jeneric-core/node_modules/engine.io/lib/server.js:475 <- Server.<anonymous> /jeneric-core/node_modules/socket.io/lib/index.js:307]
[2017-10-25 19:24:22] [debug] Connection to database robot established. [Data._handleDBConnection /jeneric-core/service/data/index.js:75 <- connectCallback /jeneric-core/node_modules/mongodb/lib/mongo_client.js:515]
[2017-10-25 19:24:22] [info] application started [Main._start /robot/app/index.js:39 <- Main.loop /robot/app/index.js:30]
[2017-10-25 19:24:22] [debug] Collection "log" created. [Data._handleCreateCollection /jeneric-core/service/data/index.js:66 <- handleCallback /jeneric-core/node_modules/mongodb/lib/utils.js:120 <- handleCallback /jeneric-core/node_modules/mongodb/lib/utils.js:120 <- handleCallback /jeneric-core/node_modules/mongodb-core/lib/cursor.js:171 <- setCursorDeadAndNotified /jeneric-core/node_modules/mongodb-core/lib/cursor.js:505 <- nextFunction /jeneric-core/node_modules/mongodb-core/lib/cursor.js:658]
[2017-10-25 19:24:24] [debug] GET: / [Server._handleRequest /jeneric-core/service/server.js:87 <- Server.<anonymous> /jeneric-core/node_modules/engine.io/lib/server.js:475 <- Server.<anonymous> /jeneric-core/node_modules/socket.io/lib/index.js:307]
[2017-10-25 19:24:24] [debug] GET: /css/style.min.css [Server._handleRequest /jeneric-core/service/server.js:87 <- Server.<anonymous> /jeneric-core/node_modules/engine.io/lib/server.js:475 <- Server.<anonymous> /jeneric-core/node_modules/socket.io/lib/index.js:307]
[2017-10-25 19:24:24] [debug] GET: /js/index.min.js [Server._handleRequest /jeneric-core/service/server.js:87 <- Server.<anonymous> /jeneric-core/node_modules/engine.io/lib/server.js:475 <- Server.<anonymous> /jeneric-core/node_modules/socket.io/lib/index.js:307]
[2017-10-25 19:26:40] [debug] GET: / [Server._handleRequest /jeneric-core/service/server.js:87 <- Server.<anonymous> /jeneric-core/node_modules/engine.io/lib/server.js:475 <- Server.<anonymous> /jeneric-core/node_modules/socket.io/lib/index.js:307]
[2017-10-25 19:26:40] [debug] socket disconnect [Server._handleSocketDisconnect /jeneric-core/service/server.js:82 <- Socket.emit /jeneric-core/node_modules/socket.io/lib/socket.js:140 <- Socket.onclose /jeneric-core/node_modules/socket.io/lib/socket.js:452 <- Client.onclose /jeneric-core/node_modules/socket.io/lib/client.js:233]
[2017-10-25 19:26:40] [debug] GET: /css/style.min.css [Server._handleRequest /jeneric-core/service/server.js:87 <- Server.<anonymous> /jeneric-core/node_modules/engine.io/lib/server.js:475 <- Server.<anonymous> /jeneric-core/node_modules/socket.io/lib/index.js:307]
[2017-10-25 19:26:40] [debug] GET: /js/index.min.js [Server._handleRequest /jeneric-core/service/server.js:87 <- Server.<anonymous> /jeneric-core/node_modules/engine.io/lib/server.js:475 <- Server.<anonymous> /jeneric-core/node_modules/socket.io/lib/index.js:307]
[2017-10-25 19:26:41] [debug] GET: / [Server._handleRequest /jeneric-core/service/server.js:87 <- Server.<anonymous> /jeneric-core/node_modules/engine.io/lib/server.js:475 <- Server.<anonymous> /jeneric-core/node_modules/socket.io/lib/index.js:307]
[2017-10-25 19:26:41] [debug] socket disconnect [Server._handleSocketDisconnect /jeneric-core/service/server.js:82 <- Socket.emit /jeneric-core/node_modules/socket.io/lib/socket.js:140 <- Socket.onclose /jeneric-core/node_modules/socket.io/lib/socket.js:452 <- Client.onclose /jeneric-core/node_modules/socket.io/lib/client.js:233]
[2017-10-25 19:26:41] [debug] GET: /css/style.min.css [Server._handleRequest /jeneric-core/service/server.js:87 <- Server.<anonymous> /jeneric-core/node_modules/engine.io/lib/server.js:475 <- Server.<anonymous> /jeneric-core/node_modules/socket.io/lib/index.js:307]
[2017-10-25 19:26:41] [debug] GET: /js/index.min.js [Server._handleRequest /jeneric-core/service/server.js:87 <- Server.<anonymous> /jeneric-core/node_modules/engine.io/lib/server.js:475 <- Server.<anonymous> /jeneric-core/node_modules/socket.io/lib/index.js:307]
[2017-10-25 19:26:41] [debug] GET: / [Server._handleRequest /jeneric-core/service/server.js:87 <- Server.<anonymous> /jeneric-core/node_modules/engine.io/lib/server.js:475 <- Server.<anonymous> /jeneric-core/node_modules/socket.io/lib/index.js:307]
[2017-10-25 19:26:41] [debug] socket disconnect [Server._handleSocketDisconnect /jeneric-core/service/server.js:82 <- Socket.emit /jeneric-core/node_modules/socket.io/lib/socket.js:140 <- Socket.onclose /jeneric-core/node_modules/socket.io/lib/socket.js:452 <- Client.onclose /jeneric-core/node_modules/socket.io/lib/client.js:233]
[2017-10-25 19:26:41] [debug] GET: /css/style.min.css [Server._handleRequest /jeneric-core/service/server.js:87 <- Server.<anonymous> /jeneric-core/node_modules/engine.io/lib/server.js:475 <- Server.<anonymous> /jeneric-core/node_modules/socket.io/lib/index.js:307]
[2017-10-25 19:26:41] [debug] GET: /js/index.min.js [Server._handleRequest /jeneric-core/service/server.js:87 <- Server.<anonymous> /jeneric-core/node_modules/engine.io/lib/server.js:475 <- Server.<anonymous> /jeneric-core/node_modules/socket.io/lib/index.js:307]
[2017-10-25 19:26:42] [debug] GET: / [Server._handleRequest /jeneric-core/service/server.js:87 <- Server.<anonymous> /jeneric-core/node_modules/engine.io/lib/server.js:475 <- Server.<anonymous> /jeneric-core/node_modules/socket.io/lib/index.js:307]
[2017-10-25 19:26:42] [debug] socket disconnect [Server._handleSocketDisconnect /jeneric-core/service/server.js:82 <- Socket.emit /jeneric-core/node_modules/socket.io/lib/socket.js:140 <- Socket.onclose /jeneric-core/node_modules/socket.io/lib/socket.js:452 <- Client.onclose /jeneric-core/node_modules/socket.io/lib/client.js:233]
[2017-10-25 19:26:42] [debug] GET: /css/style.min.css [Server._handleRequest /jeneric-core/service/server.js:87 <- Server.<anonymous> /jeneric-core/node_modules/engine.io/lib/server.js:475 <- Server.<anonymous> /jeneric-core/node_modules/socket.io/lib/index.js:307]
[2017-10-25 19:26:42] [debug] GET: /js/index.min.js [Server._handleRequest /jeneric-core/service/server.js:87 <- Server.<anonymous> /jeneric-core/node_modules/engine.io/lib/server.js:475 <- Server.<anonymous> /jeneric-core/node_modules/socket.io/lib/index.js:307]
[2017-10-25 19:26:42] [debug] GET: / [Server._handleRequest /jeneric-core/service/server.js:87 <- Server.<anonymous> /jeneric-core/node_modules/engine.io/lib/server.js:475 <- Server.<anonymous> /jeneric-core/node_modules/socket.io/lib/index.js:307]
[2017-10-25 19:26:42] [debug] GET: /css/style.min.css [Server._handleRequest /jeneric-core/service/server.js:87 <- Server.<anonymous> /jeneric-core/node_modules/engine.io/lib/server.js:475 <- Server.<anonymous> /jeneric-core/node_modules/socket.io/lib/index.js:307]
[2017-10-25 19:26:42] [debug] GET: /js/index.min.js [Server._handleRequest /jeneric-core/service/server.js:87 <- Server.<anonymous> /jeneric-core/node_modules/engine.io/lib/server.js:475 <- Server.<anonymous> /jeneric-core/node_modules/socket.io/lib/index.js:307]
